2016-10-20 19:16:28,015 AWT-EventQueue-0 ERROR util.ApplicationException - Error al conectar a la DB
java.sql.SQLException: Access denied for user 'root'@'localhost' (using password: YES)
	at com.mysql.jdbc.SQLError.createSQLException(SQLError.java:963) ~[mysql-connector-java-5.1.39-bin.jar:5.1.39]
	at com.mysql.jdbc.MysqlIO.checkErrorPacket(MysqlIO.java:3966) ~[mysql-connector-java-5.1.39-bin.jar:5.1.39]
	at com.mysql.jdbc.MysqlIO.checkErrorPacket(MysqlIO.java:3902) ~[mysql-connector-java-5.1.39-bin.jar:5.1.39]
	at com.mysql.jdbc.MysqlIO.checkErrorPacket(MysqlIO.java:875) ~[mysql-connector-java-5.1.39-bin.jar:5.1.39]
	at com.mysql.jdbc.MysqlIO.proceedHandshakeWithPluggableAuthentication(MysqlIO.java:1712) ~[mysql-connector-java-5.1.39-bin.jar:5.1.39]
	at com.mysql.jdbc.MysqlIO.doHandshake(MysqlIO.java:1228) ~[mysql-connector-java-5.1.39-bin.jar:5.1.39]
	at com.mysql.jdbc.ConnectionImpl.coreConnect(ConnectionImpl.java:2253) ~[mysql-connector-java-5.1.39-bin.jar:5.1.39]
	at com.mysql.jdbc.ConnectionImpl.connectOneTryOnly(ConnectionImpl.java:2284) ~[mysql-connector-java-5.1.39-bin.jar:5.1.39]
	at com.mysql.jdbc.ConnectionImpl.createNewIO(ConnectionImpl.java:2083) ~[mysql-connector-java-5.1.39-bin.jar:5.1.39]
	at com.mysql.jdbc.ConnectionImpl.<init>(ConnectionImpl.java:806) ~[mysql-connector-java-5.1.39-bin.jar:5.1.39]
	at com.mysql.jdbc.JDBC4Connection.<init>(JDBC4Connection.java:47) ~[mysql-connector-java-5.1.39-bin.jar:5.1.39]
	at sun.reflect.NativeConstructorAccessorImpl.newInstance0(Native Method) ~[?:1.8.0_40]
	at sun.reflect.NativeConstructorAccessorImpl.newInstance(Unknown Source) ~[?:1.8.0_40]
	at sun.reflect.DelegatingConstructorAccessorImpl.newInstance(Unknown Source) ~[?:1.8.0_40]
	at java.lang.reflect.Constructor.newInstance(Unknown Source) ~[?:1.8.0_40]
	at com.mysql.jdbc.Util.handleNewInstance(Util.java:404) ~[mysql-connector-java-5.1.39-bin.jar:5.1.39]
	at com.mysql.jdbc.ConnectionImpl.getInstance(ConnectionImpl.java:410) ~[mysql-connector-java-5.1.39-bin.jar:5.1.39]
	at com.mysql.jdbc.NonRegisteringDriver.connect(NonRegisteringDriver.java:328) ~[mysql-connector-java-5.1.39-bin.jar:5.1.39]
	at java.sql.DriverManager.getConnection(Unknown Source) ~[?:1.8.0_40]
	at java.sql.DriverManager.getConnection(Unknown Source) ~[?:1.8.0_40]
	at data.FactoryConexion.getConn(FactoryConexion.java:55) [bin/:?]
	at data.PersonajeAdapter.GetAll(PersonajeAdapter.java:21) [bin/:?]
	at logic.PersonajeLogic.GetAll(PersonajeLogic.java:63) [bin/:?]
	at desktop.ui.DialogPersonajes.refrescar(DialogPersonajes.java:133) [bin/:?]
	at desktop.ui.DialogPersonajes.inicializar(DialogPersonajes.java:220) [bin/:?]
	at desktop.ui.DialogPersonajes.<init>(DialogPersonajes.java:127) [bin/:?]
	at desktop.ui.Partida.elegirPersonaje(Partida.java:460) [bin/:?]
	at desktop.ui.Partida.elegirPersonaje2(Partida.java:363) [bin/:?]
	at desktop.ui.Partida.access$2(Partida.java:361) [bin/:?]
	at desktop.ui.Partida$3.actionPerformed(Partida.java:131) [bin/:?]
	at javax.swing.AbstractButton.fireActionPerformed(Unknown Source) [?:1.8.0_40]
	at javax.swing.AbstractButton$Handler.actionPerformed(Unknown Source) [?:1.8.0_40]
	at javax.swing.DefaultButtonModel.fireActionPerformed(Unknown Source) [?:1.8.0_40]
	at javax.swing.DefaultButtonModel.setPressed(Unknown Source) [?:1.8.0_40]
	at javax.swing.plaf.basic.BasicButtonListener.mouseReleased(Unknown Source) [?:1.8.0_40]
	at java.awt.Component.processMouseEvent(Unknown Source) [?:1.8.0_40]
	at javax.swing.JComponent.processMouseEvent(Unknown Source) [?:1.8.0_40]
	at java.awt.Component.processEvent(Unknown Source) [?:1.8.0_40]
	at java.awt.Container.processEvent(Unknown Source) [?:1.8.0_40]
	at java.awt.Component.dispatchEventImpl(Unknown Source) [?:1.8.0_40]
	at java.awt.Container.dispatchEventImpl(Unknown Source) [?:1.8.0_40]
	at java.awt.Component.dispatchEvent(Unknown Source) [?:1.8.0_40]
	at java.awt.LightweightDispatcher.retargetMouseEvent(Unknown Source) [?:1.8.0_40]
	at java.awt.LightweightDispatcher.processMouseEvent(Unknown Source) [?:1.8.0_40]
	at java.awt.LightweightDispatcher.dispatchEvent(Unknown Source) [?:1.8.0_40]
	at java.awt.Container.dispatchEventImpl(Unknown Source) [?:1.8.0_40]
	at java.awt.Window.dispatchEventImpl(Unknown Source) [?:1.8.0_40]
	at java.awt.Component.dispatchEvent(Unknown Source) [?:1.8.0_40]
	at java.awt.EventQueue.dispatchEventImpl(Unknown Source) [?:1.8.0_40]
	at java.awt.EventQueue.access$500(Unknown Source) [?:1.8.0_40]
	at java.awt.EventQueue$3.run(Unknown Source) [?:1.8.0_40]
	at java.awt.EventQueue$3.run(Unknown Source) [?:1.8.0_40]
	at java.security.AccessController.doPrivileged(Native Method) ~[?:1.8.0_40]
	at java.security.ProtectionDomain$1.doIntersectionPrivilege(Unknown Source) [?:1.8.0_40]
	at java.security.ProtectionDomain$1.doIntersectionPrivilege(Unknown Source) [?:1.8.0_40]
	at java.awt.EventQueue$4.run(Unknown Source) [?:1.8.0_40]
	at java.awt.EventQueue$4.run(Unknown Source) [?:1.8.0_40]
	at java.security.AccessController.doPrivileged(Native Method) ~[?:1.8.0_40]
	at java.security.ProtectionDomain$1.doIntersectionPrivilege(Unknown Source) [?:1.8.0_40]
	at java.awt.EventQueue.dispatchEvent(Unknown Source) [?:1.8.0_40]
	at java.awt.EventDispatchThread.pumpOneEventForFilters(Unknown Source) [?:1.8.0_40]
	at java.awt.EventDispatchThread.pumpEventsForFilter(Unknown Source) [?:1.8.0_40]
	at java.awt.EventDispatchThread.pumpEventsForHierarchy(Unknown Source) [?:1.8.0_40]
	at java.awt.EventDispatchThread.pumpEvents(Unknown Source) [?:1.8.0_40]
	at java.awt.EventDispatchThread.pumpEvents(Unknown Source) [?:1.8.0_40]
	at java.awt.EventDispatchThread.run(Unknown Source) [?:1.8.0_40]
